Drill Listing
=============
Drill: .00787  Tool: 1  Feed: 0  Speed: 0
X 1772303  Y 1341102
Drill: .01575  Tool: 2  Feed: 95  Speed: 300
X 1757303  Y 1258602
X 1757303  Y 1318602
X 1764803  Y 1316102
X 1772303  Y 1288602
X 1802303  Y 1283602
X 1799803  Y 1271102
X 1774803  Y 1256102
X 1802303  Y 1256102
X 1827303  Y 1313602
Drill: .03  Tool: 3  Feed: 197  Speed: 550
X 1751062  Y 1355551
X 1751062  Y 1365551
X 1751062  Y 1375551
X 1774803  Y 1375354
X 1774803  Y 1365354
X 1774803  Y 1355354
Drill: .0315  Tool: 4  Feed: 197  Speed: 550
X 1589803  Y 1228602
X 1589803  Y 1246102
X 1589803  Y 1263602
X 1589803  Y 1281102
X 1589803  Y 1298602
X 1604803  Y 1308602
X 1587303  Y 1328602
X 1604803  Y 1328602
X 1587303  Y 1346102
X 1604803  Y 1346102
X 1627303  Y 1378602
X 1627303  Y 1363602
X 1627303  Y 1346102
X 1627303  Y 1328602
X 1627303  Y 1308602
X 1612303  Y 1253602
X 1624803  Y 1253602
X 1624803  Y 1236102
X 1612303  Y 1236102
X 1637303  Y 1236102
X 1652303  Y 1236102
X 1682303  Y 1236102
X 1637303  Y 1253602
X 1667303  Y 1301102
X 1649803  Y 1308602
X 1657303  Y 1348602
X 1669803  Y 1348602
X 1669803  Y 1371102
X 1684803  Y 1371102
X 1652303  Y 1378602
X 1697303  Y 1381102
X 1697303  Y 1291102
X 1727303  Y 1283602
X 1714803  Y 1283602
X 1697303  Y 1276102
X 1714803  Y 1273602
X 1714803  Y 1263602
X 1697303  Y 1261102
X 1697303  Y 1236102
X 1827303  Y 1286102
X 1832303  Y 1338602
X 1819803  Y 1338602
X 1819803  Y 1353602
X 1827303  Y 1383602
X 1839803  Y 1383602
X 1852303  Y 1383602
X 1852303  Y 1368602
X 1852303  Y 1353602
X 1852303  Y 1338602
X 1852303  Y 1321102
X 1839803  Y 1286102
X 1839803  Y 1273602
X 1839803  Y 1258602
X 1874803  Y 1243602
X 1874803  Y 1268602
X 1874803  Y 1293602
X 1874803  Y 1318602
X 1874803  Y 1343602
Drill: .05118  Tool: 5  Feed: 107  Speed: 550
X 1646968  Y 1361141
X 1657165  Y 1361141
Drill: .12598  Tool: 6  Feed: 35  Speed: 794
X 1732283  Y 1220472
X 1594488  Y 1374409
X 1870078  Y 1374409
End of Listing
